Using pre-set license
Built from '2020.3/staging' branch; Version is '2020.3.6f1 (338bb68529b2) revision 3378102'; Using compiler version '192528614'; Build Type 'Release'
OS: 'Windows 10 Pro; OS build 18363.1440; Version 1909; 64bit' Language: 'en' Physical Memory: 8097 MB
BatchMode: 1, IsHumanControllingUs: 0, StartBugReporterOnCrash: 0, Is64bit: 1, IsPro: 0

 COMMAND LINE ARGUMENTS:
C:\Program Files\Unity\Hub\Editor\2020.3.6f1\Editor\Unity.exe
-adb2
-batchMode
-noUpm
-name
AssetImportWorker0
-projectPath
C:/Users/Mahmoud Muhammad/pizza drone
-logFile
Logs/AssetImportWorker0.log
-srvPort
52137
Successfully changed project path to: C:/Users/Mahmoud Muhammad/pizza drone
C:/Users/Mahmoud Muhammad/pizza drone
Using Asset Import Pipeline V2.
Refreshing native plugins compatible for Editor in 23.26 ms, found 0 plugins.
Preloading 0 native plugins for Editor in 0.00 ms.
Initialize engine version: 2020.3.6f1 (338bb68529b2)
[Subsystems] Discovering subsystems at path C:/Program Files/Unity/Hub/Editor/2020.3.6f1/Editor/Data/Resources/UnitySubsystems
[Subsystems] Discovering subsystems at path C:/Users/Mahmoud Muhammad/pizza drone/Assets
GfxDevice: creating device client; threaded=0
Direct3D:
    Version:  Direct3D 11.0 [level 11.1]
    Renderer: Intel(R) HD Graphics 4600 (ID=0x416)
    Vendor:   
    VRAM:     2048 MB
    Driver:   20.19.15.5058
Initialize mono
Mono path[0] = 'C:/Program Files/Unity/Hub/Editor/2020.3.6f1/Editor/Data/Managed'
Mono path[1] = 'C:/Program Files/Unity/Hub/Editor/2020.3.6f1/Editor/Data/MonoBleedingEdge/lib/mono/unityjit'
Mono config path = 'C:/Program Files/Unity/Hub/Editor/2020.3.6f1/Editor/Data/MonoBleedingEdge/etc'
Using monoOptions --debugger-agent=transport=dt_socket,embedding=1,server=y,suspend=n,address=127.0.0.1:56244
Begin MonoManager ReloadAssembly
Registering precompiled unity dll's ...
Register platform support module: C:/Program Files/Unity/Hub/Editor/2020.3.6f1/Editor/Data/PlaybackEngines/WebGLSupport/UnityEditor.WebGL.Extensions.dll
Register platform support module: C:/Program Files/Unity/Hub/Editor/2020.3.6f1/Editor/Data/PlaybackEngines/WindowsStandaloneSupport/UnityEditor.WindowsStandalone.Extensions.dll
Registered in 0.002262 seconds.
Native extension for WindowsStandalone target not found
Native extension for WebGL target not found
Refreshing native plugins compatible for Editor in 23.39 ms, found 0 plugins.
Preloading 0 native plugins for Editor in 0.00 ms.
Mono: successfully reloaded assembly
- Completed reload, in  1.190 seconds
Platform modules already initialized, skipping
Registering precompiled user dll's ...
Registered in 0.000751 seconds.
Begin MonoManager ReloadAssembly
Native extension for WindowsStandalone target not found
Native extension for WebGL target not found
Refreshing native plugins compatible for Editor in 0.24 ms, found 0 plugins.
Preloading 0 native plugins for Editor in 0.00 ms.
Mono: successfully reloaded assembly
- Completed reload, in  0.886 seconds
Platform modules already initialized, skipping
========================================================================
Worker process is ready to serve import requests
Launched and connected shader compiler UnityShaderCompiler.exe after 0.05 seconds
Refreshing native plugins compatible for Editor in 0.42 ms, found 0 plugins.
Preloading 0 native plugins for Editor in 0.00 ms.
Unloading 1115 Unused Serialized files (Serialized files now loaded: 0)
System memory in use before: 69.5 MB.
System memory in use after: 69.5 MB.

Unloading 9 unused Assets to reduce memory usage. Loaded Objects now: 1576.
Total: 1.833600 ms (FindLiveObjects: 0.169800 ms CreateObjectMapping: 0.051200 ms MarkObjects: 1.535700 ms  DeleteObjects: 0.075800 ms)

========================================================================
Received Import Request.
  path: Assets/UI1/Materials
  artifactKey: Guid(2258cd27cdd4431468288a4ff0f4272f) Importer(815301076,1909f56bfc062723c751e8b465ee728b)
Start importing Assets/UI1/Materials using Guid(2258cd27cdd4431468288a4ff0f4272f) Importer(815301076,1909f56bfc062723c751e8b465ee728b)  -> (artifact id: '55829b884a432792657897eac52e188a') in 0.013482 seconds
  Import took 0.017249 seconds .

========================================================================
Received Import Request.
  Time since last request: 0.152541 seconds.
  path: Assets/UI1/FLUI.unity
  artifactKey: Guid(c1aaa154978ac4048940d5374fb21f8f) Importer(815301076,1909f56bfc062723c751e8b465ee728b)
Start importing Assets/UI1/FLUI.unity using Guid(c1aaa154978ac4048940d5374fb21f8f) Importer(815301076,1909f56bfc062723c751e8b465ee728b)  -> (artifact id: 'e5a17d45ceb80839adad9921e514f484') in 0.021316 seconds
  Import took 0.024401 seconds .

========================================================================
Received Import Request.
  Time since last request: 0.038284 seconds.
  path: Assets/Tree_Textures
  artifactKey: Guid(c5d11e2c2a2971a418bb875a53debc19) Importer(815301076,1909f56bfc062723c751e8b465ee728b)
Start importing Assets/Tree_Textures using Guid(c5d11e2c2a2971a418bb875a53debc19) Importer(815301076,1909f56bfc062723c751e8b465ee728b)  -> (artifact id: '79ead1ef01c4ced8751dde3f6e2c30b8') in 0.007047 seconds
  Import took 0.010682 seconds .

========================================================================
Received Import Request.
  Time since last request: 0.034246 seconds.
  path: Assets/UI1/Materials/CAYMANS MISC MIRROR.mat
  artifactKey: Guid(0d58bdbc38badc8458c7756d249def13) Importer(815301076,1909f56bfc062723c751e8b465ee728b)
Start importing Assets/UI1/Materials/CAYMANS MISC MIRROR.mat using Guid(0d58bdbc38badc8458c7756d249def13) Importer(815301076,1909f56bfc062723c751e8b465ee728b)  -> (artifact id: 'c0614389285edb3539ec0f2f74034184') in 0.126727 seconds
  Import took 0.129746 seconds .

========================================================================
Received Import Request.
  Time since last request: 0.024071 seconds.
  path: Assets/UI1/Materials/BRAKDISC.mat
  artifactKey: Guid(58f9e4fc48e3b2a48b1cc0297ddc4b57) Importer(815301076,1909f56bfc062723c751e8b465ee728b)
Start importing Assets/UI1/Materials/BRAKDISC.mat using Guid(58f9e4fc48e3b2a48b1cc0297ddc4b57) Importer(815301076,1909f56bfc062723c751e8b465ee728b)  -> (artifact id: '6e333fa72aa13c12f1b0ef26dd4574f5') in 0.017382 seconds
  Import took 0.020679 seconds .

AssetImportWorkerClient::OnTransportError - code=2 error=End of file
